2023-09-15 16:27:02,370 [INFO] Activator:177 - 


2023-09-15 16:27:02,372 [INFO] Activator:178 - !SESSION log4j initialized
2023-09-15 16:27:28,413 [ERROR] LogOutputStream:74 - [STDERR_REDIRECT] SLF4J: Failed to load class "org.slf4j.impl.StaticLoggerBinder".
2023-09-15 16:27:28,414 [ERROR] LogOutputStream:74 - [STDERR_REDIRECT] SLF4J: Defaulting to no-operation (NOP) logger implementation
2023-09-15 16:27:28,417 [ERROR] LogOutputStream:74 - [STDERR_REDIRECT] SLF4J: See http://www.slf4j.org/codes.html#StaticLoggerBinder for further details.
2023-09-15 16:29:36,167 [INFO] Activator:177 - 


2023-09-15 16:29:36,168 [INFO] Activator:178 - !SESSION log4j initialized
2023-09-15 16:30:03,519 [ERROR] LogOutputStream:74 - [STDERR_REDIRECT] SLF4J: Failed to load class "org.slf4j.impl.StaticLoggerBinder".
2023-09-15 16:30:03,520 [ERROR] LogOutputStream:74 - [STDERR_REDIRECT] SLF4J: Defaulting to no-operation (NOP) logger implementation
2023-09-15 16:30:03,521 [ERROR] LogOutputStream:74 - [STDERR_REDIRECT] SLF4J: See http://www.slf4j.org/codes.html#StaticLoggerBinder for further details.
2023-09-15 16:34:19,597 [INFO] Activator:177 - 


2023-09-15 16:34:19,599 [INFO] Activator:178 - !SESSION log4j initialized
2023-09-15 16:34:46,979 [ERROR] LogOutputStream:74 - [STDERR_REDIRECT] SLF4J: Failed to load class "org.slf4j.impl.StaticLoggerBinder".
2023-09-15 16:34:46,980 [ERROR] LogOutputStream:74 - [STDERR_REDIRECT] SLF4J: Defaulting to no-operation (NOP) logger implementation
2023-09-15 16:34:46,981 [ERROR] LogOutputStream:74 - [STDERR_REDIRECT] SLF4J: See http://www.slf4j.org/codes.html#StaticLoggerBinder for further details.
2023-09-15 18:08:28,353 [INFO] Activator:177 - 


2023-09-15 18:08:28,355 [INFO] Activator:178 - !SESSION log4j initialized
2023-09-15 18:08:56,760 [ERROR] LogOutputStream:74 - [STDERR_REDIRECT] SLF4J: Failed to load class "org.slf4j.impl.StaticLoggerBinder".
2023-09-15 18:08:56,762 [ERROR] LogOutputStream:74 - [STDERR_REDIRECT] SLF4J: Defaulting to no-operation (NOP) logger implementation
2023-09-15 18:08:56,764 [ERROR] LogOutputStream:74 - [STDERR_REDIRECT] SLF4J: See http://www.slf4j.org/codes.html#StaticLoggerBinder for further details.
2023-09-15 18:10:56,878 [INFO] Activator:177 - 


2023-09-15 18:10:56,879 [INFO] Activator:178 - !SESSION log4j initialized
2023-09-15 18:11:24,786 [ERROR] LogOutputStream:74 - [STDERR_REDIRECT] SLF4J: Failed to load class "org.slf4j.impl.StaticLoggerBinder".
2023-09-15 18:11:24,787 [ERROR] LogOutputStream:74 - [STDERR_REDIRECT] SLF4J: Defaulting to no-operation (NOP) logger implementation
2023-09-15 18:11:24,789 [ERROR] LogOutputStream:74 - [STDERR_REDIRECT] SLF4J: See http://www.slf4j.org/codes.html#StaticLoggerBinder for further details.
2023-09-16 11:45:55,155 [INFO] Activator:177 - 


2023-09-16 11:45:55,155 [INFO] Activator:178 - !SESSION log4j initialized
2023-09-16 11:46:23,238 [ERROR] LogOutputStream:74 - [STDERR_REDIRECT] SLF4J: Failed to load class "org.slf4j.impl.StaticLoggerBinder".
2023-09-16 11:46:23,239 [ERROR] LogOutputStream:74 - [STDERR_REDIRECT] SLF4J: Defaulting to no-operation (NOP) logger implementation
2023-09-16 11:46:23,241 [ERROR] LogOutputStream:74 - [STDERR_REDIRECT] SLF4J: See http://www.slf4j.org/codes.html#StaticLoggerBinder for further details.
2023-09-18 10:39:02,944 [INFO] Activator:177 - 


2023-09-18 10:39:02,945 [INFO] Activator:178 - !SESSION log4j initialized
2023-09-18 10:39:29,797 [ERROR] LogOutputStream:74 - [STDERR_REDIRECT] SLF4J: Failed to load class "org.slf4j.impl.StaticLoggerBinder".
2023-09-18 10:39:29,799 [ERROR] LogOutputStream:74 - [STDERR_REDIRECT] SLF4J: Defaulting to no-operation (NOP) logger implementation
2023-09-18 10:39:29,799 [ERROR] LogOutputStream:74 - [STDERR_REDIRECT] SLF4J: See http://www.slf4j.org/codes.html#StaticLoggerBinder for further details.
2023-09-19 16:27:59,504 [INFO] Activator:177 - 


2023-09-19 16:27:59,505 [INFO] Activator:178 - !SESSION log4j initialized
2023-09-19 16:28:24,260 [ERROR] LogOutputStream:74 - [STDERR_REDIRECT] SLF4J: Failed to load class "org.slf4j.impl.StaticLoggerBinder".
2023-09-19 16:28:24,261 [ERROR] LogOutputStream:74 - [STDERR_REDIRECT] SLF4J: Defaulting to no-operation (NOP) logger implementation
2023-09-19 16:28:24,262 [ERROR] LogOutputStream:74 - [STDERR_REDIRECT] SLF4J: See http://www.slf4j.org/codes.html#StaticLoggerBinder for further details.
2023-10-07 23:07:37,537 [INFO] Activator:177 - 


2023-10-07 23:07:37,537 [INFO] Activator:178 - !SESSION log4j initialized
2023-10-07 23:08:03,125 [ERROR] LogOutputStream:74 - [STDERR_REDIRECT] SLF4J: Failed to load class "org.slf4j.impl.StaticLoggerBinder".
2023-10-07 23:08:03,125 [ERROR] LogOutputStream:74 - [STDERR_REDIRECT] SLF4J: Defaulting to no-operation (NOP) logger implementation
2023-10-07 23:08:03,125 [ERROR] LogOutputStream:74 - [STDERR_REDIRECT] SLF4J: See http://www.slf4j.org/codes.html#StaticLoggerBinder for further details.
2023-10-08 09:52:29,304 [INFO] Activator:177 - 


2023-10-08 09:52:29,304 [INFO] Activator:178 - !SESSION log4j initialized
2023-10-08 09:53:09,246 [ERROR] LogOutputStream:74 - [STDERR_REDIRECT] SLF4J: Failed to load class "org.slf4j.impl.StaticLoggerBinder".
2023-10-08 09:53:09,246 [ERROR] LogOutputStream:74 - [STDERR_REDIRECT] SLF4J: Defaulting to no-operation (NOP) logger implementation
2023-10-08 09:53:09,246 [ERROR] LogOutputStream:74 - [STDERR_REDIRECT] SLF4J: See http://www.slf4j.org/codes.html#StaticLoggerBinder for further details.
2023-10-08 09:57:19,773 [INFO] Activator:177 - 


2023-10-08 09:57:19,773 [INFO] Activator:178 - !SESSION log4j initialized
2023-10-08 09:57:50,319 [ERROR] LogOutputStream:74 - [STDERR_REDIRECT] SLF4J: Failed to load class "org.slf4j.impl.StaticLoggerBinder".
2023-10-08 09:57:50,330 [ERROR] LogOutputStream:74 - [STDERR_REDIRECT] SLF4J: Defaulting to no-operation (NOP) logger implementation
2023-10-08 09:57:50,331 [ERROR] LogOutputStream:74 - [STDERR_REDIRECT] SLF4J: See http://www.slf4j.org/codes.html#StaticLoggerBinder for further details.
2023-10-08 10:00:48,500 [INFO] Activator:177 - 


2023-10-08 10:00:48,500 [INFO] Activator:178 - !SESSION log4j initialized
2023-10-08 10:01:19,556 [ERROR] LogOutputStream:74 - [STDERR_REDIRECT] SLF4J: Failed to load class "org.slf4j.impl.StaticLoggerBinder".
2023-10-08 10:01:19,568 [ERROR] LogOutputStream:74 - [STDERR_REDIRECT] SLF4J: Defaulting to no-operation (NOP) logger implementation
2023-10-08 10:01:19,568 [ERROR] LogOutputStream:74 - [STDERR_REDIRECT] SLF4J: See http://www.slf4j.org/codes.html#StaticLoggerBinder for further details.
2023-10-10 16:42:04,111 [INFO] Activator:177 - 


2023-10-10 16:42:04,112 [INFO] Activator:178 - !SESSION log4j initialized
2023-10-10 16:42:42,055 [ERROR] LogOutputStream:74 - [STDERR_REDIRECT] SLF4J: Failed to load class "org.slf4j.impl.StaticLoggerBinder".
2023-10-10 16:42:42,057 [ERROR] LogOutputStream:74 - [STDERR_REDIRECT] SLF4J: Defaulting to no-operation (NOP) logger implementation
2023-10-10 16:42:42,058 [ERROR] LogOutputStream:74 - [STDERR_REDIRECT] SLF4J: See http://www.slf4j.org/codes.html#StaticLoggerBinder for further details.
